[2021-05-25T14:53:42.687] [DEBUG] cheese - login => username:admin,password:123456
[2021-05-25T14:53:42.688] [DEBUG] cheese - admin
[2021-05-25T14:53:42.703] [DEBUG] cheese - null
[2021-05-25T14:53:42.703] [DEBUG] cheese - null
[2021-11-23T18:45:01.694] [DEBUG] cheese - login => username:1,password:1
[2021-11-23T18:45:01.695] [DEBUG] cheese - 1
[2021-11-23T18:45:01.702] [DEBUG] cheese - null
[2021-11-23T18:45:01.703] [DEBUG] cheese - null
[2021-11-23T18:45:13.862] [DEBUG] cheese - login => username:admin,password:123456
[2021-11-23T18:45:13.862] [DEBUG] cheese - admin
[2021-11-23T18:45:13.865] [DEBUG] cheese - null
[2021-11-23T18:45:13.865] [DEBUG] cheese - null
[2021-11-27T11:16:48.729] [DEBUG] cheese - login => username:admin,password:admin1
[2021-11-27T11:16:48.731] [DEBUG] cheese - admin
[2021-11-27T11:16:48.741] [DEBUG] cheese - null
[2021-11-27T11:16:48.741] [DEBUG] cheese - null
[2021-11-27T11:16:56.934] [DEBUG] cheese - login => username:admin,password:123456
[2021-11-27T11:16:56.934] [DEBUG] cheese - admin
[2021-11-27T11:16:56.936] [DEBUG] cheese - null
[2021-11-27T11:16:56.936] [DEBUG] cheese - null
[2021-11-27T11:22:07.086] [DEBUG] cheese - login => username:123,password:213333
[2021-11-27T11:22:07.086] [DEBUG] cheese - 123
[2021-11-27T11:22:07.088] [DEBUG] cheese - null
[2021-11-27T11:22:07.088] [DEBUG] cheese - null
[2021-11-27T11:22:22.092] [DEBUG] cheese - login => username:admin,password:123456
[2021-11-27T11:22:22.093] [DEBUG] cheese - admin
[2021-11-27T11:22:22.094] [DEBUG] cheese - null
[2021-11-27T11:22:22.094] [DEBUG] cheese - null
[2021-11-27T11:46:03.674] [DEBUG] cheese - login => username:admin,password:123456
[2021-11-27T11:46:03.674] [DEBUG] cheese - admin
[2021-11-27T11:46:03.677] [DEBUG] cheese - null
[2021-11-27T11:46:03.677] [DEBUG] cheese - null
[2021-11-27T12:02:05.076] [DEBUG] cheese - login => username:admin,password:123456
[2021-11-27T12:02:05.076] [DEBUG] cheese - admin
[2021-11-27T12:02:05.078] [DEBUG] cheese - null
[2021-11-27T12:02:05.078] [DEBUG] cheese - null
[2021-11-27T12:05:41.532] [DEBUG] cheese - login => username:admin,password:123456
[2021-11-27T12:05:41.532] [DEBUG] cheese - admin
[2021-11-27T12:05:41.534] [DEBUG] cheese - null
[2021-11-27T12:05:41.534] [DEBUG] cheese - null
[2021-11-27T12:05:57.663] [DEBUG] cheese - login => username:admin,password:123456
[2021-11-27T12:05:57.663] [DEBUG] cheese - admin
[2021-11-27T12:05:57.665] [DEBUG] cheese - null
[2021-11-27T12:05:57.665] [DEBUG] cheese - null
[2021-11-27T12:08:27.449] [DEBUG] cheese - login => username:admind,password:1
[2021-11-27T12:08:27.449] [DEBUG] cheese - admind
[2021-11-27T12:08:27.451] [DEBUG] cheese - null
[2021-11-27T12:08:27.451] [DEBUG] cheese - null
[2021-11-27T12:08:28.955] [DEBUG] cheese - login => username:admind,password:1
[2021-11-27T12:08:28.955] [DEBUG] cheese - admind
[2021-11-27T12:08:28.956] [DEBUG] cheese - null
[2021-11-27T12:08:28.956] [DEBUG] cheese - null
[2021-11-27T12:08:29.443] [DEBUG] cheese - login => username:admind,password:1
[2021-11-27T12:08:29.443] [DEBUG] cheese - admind
[2021-11-27T12:08:29.444] [DEBUG] cheese - null
[2021-11-27T12:08:29.444] [DEBUG] cheese - null
[2021-11-27T12:08:29.641] [DEBUG] cheese - login => username:admind,password:1
[2021-11-27T12:08:29.641] [DEBUG] cheese - admind
[2021-11-27T12:08:29.643] [DEBUG] cheese - null
[2021-11-27T12:08:29.643] [DEBUG] cheese - null
[2021-11-27T12:08:29.846] [DEBUG] cheese - login => username:admind,password:1
[2021-11-27T12:08:29.846] [DEBUG] cheese - admind
[2021-11-27T12:08:29.848] [DEBUG] cheese - null
[2021-11-27T12:08:29.848] [DEBUG] cheese - null
[2021-11-27T12:08:30.033] [DEBUG] cheese - login => username:admind,password:1
[2021-11-27T12:08:30.033] [DEBUG] cheese - admind
[2021-11-27T12:08:30.034] [DEBUG] cheese - null
[2021-11-27T12:08:30.034] [DEBUG] cheese - null
[2021-11-27T12:21:16.613] [DEBUG] cheese - login => username:admin,password:123456
[2021-11-27T12:21:16.613] [DEBUG] cheese - admin
[2021-11-27T12:21:16.615] [DEBUG] cheese - null
[2021-11-27T12:21:16.615] [DEBUG] cheese - null
[2021-11-27T13:04:01.893] [DEBUG] cheese - login => username:a,password:1
[2021-11-27T13:04:01.893] [DEBUG] cheese - a
[2021-11-27T13:04:01.896] [DEBUG] cheese - null
[2021-11-27T13:04:01.896] [DEBUG] cheese - null
[2021-11-27T13:04:12.448] [DEBUG] cheese - login => username:admin,password:123456
[2021-11-27T13:04:12.448] [DEBUG] cheese - admin
[2021-11-27T13:04:12.450] [DEBUG] cheese - null
[2021-11-27T13:04:12.450] [DEBUG] cheese - null
[2021-11-27T13:04:52.444] [DEBUG] cheese - login => username:admin,password:123456
[2021-11-27T13:04:52.444] [DEBUG] cheese - admin
[2021-11-27T13:04:52.445] [DEBUG] cheese - null
[2021-11-27T13:04:52.445] [DEBUG] cheese - null
[2021-11-27T13:04:55.074] [DEBUG] cheese - login => username:admin,password:123456
[2021-11-27T13:04:55.074] [DEBUG] cheese - admin
[2021-11-27T13:04:55.075] [DEBUG] cheese - null
[2021-11-27T13:04:55.076] [DEBUG] cheese - null
[2021-11-27T13:09:52.089] [DEBUG] cheese - login => username:admin,password:123456
[2021-11-27T13:09:52.089] [DEBUG] cheese - admin
[2021-11-27T13:09:52.090] [DEBUG] cheese - null
[2021-11-27T13:09:52.090] [DEBUG] cheese - null
[2021-11-27T17:01:19.716] [DEBUG] cheese - login => username:admin,password:123456
[2021-11-27T17:01:19.716] [DEBUG] cheese - admin
[2021-11-27T17:01:19.718] [DEBUG] cheese - null
[2021-11-27T17:01:19.718] [DEBUG] cheese - null
[2021-11-28T12:48:29.168] [DEBUG] cheese - login => username:admin,password:123456
[2021-11-28T12:48:29.168] [DEBUG] cheese - admin
[2021-11-28T12:48:29.172] [DEBUG] cheese - null
[2021-11-28T12:48:29.172] [DEBUG] cheese - null
[2021-11-30T21:05:23.685] [DEBUG] cheese - login => username:admin,password:123456
[2021-11-30T21:05:23.686] [DEBUG] cheese - admin
[2021-11-30T21:05:23.699] [DEBUG] cheese - null
[2021-11-30T21:05:23.700] [DEBUG] cheese - null
[2021-12-01T09:56:17.423] [DEBUG] cheese - login => username:admin,password:123456
[2021-12-01T09:56:17.423] [DEBUG] cheese - admin
[2021-12-01T09:56:17.428] [DEBUG] cheese - null
[2021-12-01T09:56:17.428] [DEBUG] cheese - null
[2021-12-02T19:44:14.836] [DEBUG] cheese - login => username:admin,password:123456
[2021-12-02T19:44:14.837] [DEBUG] cheese - admin
[2021-12-02T19:44:14.847] [DEBUG] cheese - null
[2021-12-02T19:44:14.847] [DEBUG] cheese - null
[2021-12-03T17:00:45.306] [DEBUG] cheese - login => username:admin,password:123456
[2021-12-03T17:00:45.310] [DEBUG] cheese - admin
[2021-12-03T17:00:45.320] [DEBUG] cheese - null
[2021-12-03T17:00:45.320] [DEBUG] cheese - null
[2021-12-03T17:37:46.602] [DEBUG] cheese - login => username:admin,password:123456
[2021-12-03T17:37:46.603] [DEBUG] cheese - admin
[2021-12-03T17:37:46.612] [DEBUG] cheese - null
[2021-12-03T17:37:46.612] [DEBUG] cheese - null
[2021-12-03T17:59:58.533] [DEBUG] cheese - login => username:admin,password:123456
[2021-12-03T17:59:58.533] [DEBUG] cheese - admin
[2021-12-03T17:59:58.536] [DEBUG] cheese - null
[2021-12-03T17:59:58.536] [DEBUG] cheese - null
[2021-12-03T18:06:05.053] [DEBUG] cheese - login => username:admin,password:123456
[2021-12-03T18:06:05.053] [DEBUG] cheese - admin
[2021-12-03T18:06:05.055] [DEBUG] cheese - null
[2021-12-03T18:06:05.055] [DEBUG] cheese - null
[2021-12-03T22:03:44.100] [DEBUG] cheese - login => username:admin,password:123456
[2021-12-03T22:03:44.101] [DEBUG] cheese - admin
[2021-12-03T22:03:44.114] [DEBUG] cheese - null
[2021-12-03T22:03:44.114] [DEBUG] cheese - null
[2021-12-04T21:49:44.655] [DEBUG] cheese - null
[2021-12-04T21:49:48.137] [DEBUG] cheese - null
[2021-12-04T21:50:22.821] [DEBUG] cheese - null
[2021-12-04T21:50:37.158] [DEBUG] cheese - null
[2021-12-04T21:50:41.431] [DEBUG] cheese - null
[2021-12-04T21:51:32.212] [DEBUG] cheese - null
[2021-12-04T21:54:53.498] [DEBUG] cheese - null
[2021-12-04T21:55:58.576] [DEBUG] cheese - null
[2021-12-04T21:56:12.344] [DEBUG] cheese - null
[2021-12-04T21:58:56.913] [DEBUG] cheese - null
[2021-12-04T21:59:05.081] [DEBUG] cheese - null
[2021-12-04T21:59:10.300] [DEBUG] cheese - null
[2021-12-04T22:07:15.218] [DEBUG] cheese - login => username:admin,password:123456
[2021-12-04T22:07:15.218] [DEBUG] cheese - admin
[2021-12-04T22:07:15.220] [DEBUG] cheese - null
[2021-12-04T22:07:15.220] [DEBUG] cheese - null
[2021-12-06T11:39:11.518] [DEBUG] cheese - login => username:admin,password:123456
[2021-12-06T11:39:11.519] [DEBUG] cheese - admin
[2021-12-06T11:39:11.525] [DEBUG] cheese - null
[2021-12-06T11:39:11.526] [DEBUG] cheese - null
[2021-12-19T13:46:50.108] [DEBUG] cheese - login => username:admin,password:123456
[2021-12-19T13:46:50.110] [DEBUG] cheese - admin
[2021-12-19T13:46:50.171] [DEBUG] cheese - null
[2021-12-19T13:46:50.171] [DEBUG] cheese - null
[2021-12-19T14:31:15.286] [DEBUG] cheese - login => username:admin,password:123456
[2021-12-19T14:31:15.287] [DEBUG] cheese - admin
[2021-12-19T14:31:15.288] [DEBUG] cheese - null
[2021-12-19T14:31:15.288] [DEBUG] cheese - null
